This is pdfTeX, Version 3.14159265-2.6-1.40.20 (TeX Live 2019/Debian) (preloaded format=pdflatex 2024.1.24)  24 JAN 2024 13:02
entering extended mode
 \write18 enabled.
 file:line:error style messages enabled.
 %&-line parsing enabled.
**paper_TT.tex
(./paper_TT.tex
LaTeX2e <2020-02-02> patch level 2
L3 programming layer <2020-02-14>
(/usr/share/texlive/texmf-dist/tex/latex/IEEEtran/IEEEtran.cls
Document Class: IEEEtran 2015/08/26 V1.8b by Michael Shell
-- See the "IEEEtran_HOWTO" manual for usage information.
-- http://www.michaelshell.org/tex/ieeetran/
\@IEEEtrantmpdimenA=\dimen134
\@IEEEtrantmpdimenB=\dimen135
\@IEEEtrantmpdimenC=\dimen136
\@IEEEtrantmpcountA=\count167
\@IEEEtrantmpcountB=\count168
\@IEEEtrantmpcountC=\count169
\@IEEEtrantmptoksA=\toks14
LaTeX Font Info:    Trying to load font information for OT1+ptm on input line 5
03.
(/usr/share/texlive/texmf-dist/tex/latex/psnfss/ot1ptm.fd
File: ot1ptm.fd 2001/06/04 font definitions for OT1/ptm.
)
-- Using 8.5in x 11in (letter) paper.
-- Using PDF output.
\@IEEEnormalsizeunitybaselineskip=\dimen137
-- This is a 10 point document.
\CLASSINFOnormalsizebaselineskip=\dimen138
\CLASSINFOnormalsizeunitybaselineskip=\dimen139
\IEEEnormaljot=\dimen140
LaTeX Font Info:    Font shape `OT1/ptm/bx/n' in size <5> not available
(Font)              Font shape `OT1/ptm/b/n' tried instead on input line 1090.
LaTeX Font Info:    Font shape `OT1/ptm/bx/it' in size <5> not available
(Font)              Font shape `OT1/ptm/b/it' tried instead on input line 1090.

LaTeX Font Info:    Font shape `OT1/ptm/bx/n' in size <7> not available
(Font)              Font shape `OT1/ptm/b/n' tried instead on input line 1090.
LaTeX Font Info:    Font shape `OT1/ptm/bx/it' in size <7> not available
(Font)              Font shape `OT1/ptm/b/it' tried instead on input line 1090.

LaTeX Font Info:    Font shape `OT1/ptm/bx/n' in size <8> not available
(Font)              Font shape `OT1/ptm/b/n' tried instead on input line 1090.
LaTeX Font Info:    Font shape `OT1/ptm/bx/it' in size <8> not available
(Font)              Font shape `OT1/ptm/b/it' tried instead on input line 1090.

LaTeX Font Info:    Font shape `OT1/ptm/bx/n' in size <9> not available
(Font)              Font shape `OT1/ptm/b/n' tried instead on input line 1090.
LaTeX Font Info:    Font shape `OT1/ptm/bx/it' in size <9> not available
(Font)              Font shape `OT1/ptm/b/it' tried instead on input line 1090.

LaTeX Font Info:    Font shape `OT1/ptm/bx/n' in size <10> not available
(Font)              Font shape `OT1/ptm/b/n' tried instead on input line 1090.
LaTeX Font Info:    Font shape `OT1/ptm/bx/it' in size <10> not available
(Font)              Font shape `OT1/ptm/b/it' tried instead on input line 1090.

LaTeX Font Info:    Font shape `OT1/ptm/bx/n' in size <11> not available
(Font)              Font shape `OT1/ptm/b/n' tried instead on input line 1090.
LaTeX Font Info:    Font shape `OT1/ptm/bx/it' in size <11> not available
(Font)              Font shape `OT1/ptm/b/it' tried instead on input line 1090.

LaTeX Font Info:    Font shape `OT1/ptm/bx/n' in size <12> not available
(Font)              Font shape `OT1/ptm/b/n' tried instead on input line 1090.
LaTeX Font Info:    Font shape `OT1/ptm/bx/it' in size <12> not available
(Font)              Font shape `OT1/ptm/b/it' tried instead on input line 1090.

LaTeX Font Info:    Font shape `OT1/ptm/bx/n' in size <17> not available
(Font)              Font shape `OT1/ptm/b/n' tried instead on input line 1090.
LaTeX Font Info:    Font shape `OT1/ptm/bx/it' in size <17> not available
(Font)              Font shape `OT1/ptm/b/it' tried instead on input line 1090.

LaTeX Font Info:    Font shape `OT1/ptm/bx/n' in size <20> not available
(Font)              Font shape `OT1/ptm/b/n' tried instead on input line 1090.
LaTeX Font Info:    Font shape `OT1/ptm/bx/it' in size <20> not available
(Font)              Font shape `OT1/ptm/b/it' tried instead on input line 1090.

LaTeX Font Info:    Font shape `OT1/ptm/bx/n' in size <24> not available
(Font)              Font shape `OT1/ptm/b/n' tried instead on input line 1090.
LaTeX Font Info:    Font shape `OT1/ptm/bx/it' in size <24> not available
(Font)              Font shape `OT1/ptm/b/it' tried instead on input line 1090.

\IEEEquantizedlength=\dimen141
\IEEEquantizedlengthdiff=\dimen142
\IEEEquantizedtextheightdiff=\dimen143
\IEEEilabelindentA=\dimen144
\IEEEilabelindentB=\dimen145
\IEEEilabelindent=\dimen146
\IEEEelabelindent=\dimen147
\IEEEdlabelindent=\dimen148
\IEEElabelindent=\dimen149
\IEEEiednormlabelsep=\dimen150
\IEEEiedmathlabelsep=\dimen151
\IEEEiedtopsep=\skip47
\c@section=\count170
\c@subsection=\count171
\c@subsubsection=\count172
\c@paragraph=\count173
\c@IEEEsubequation=\count174
\abovecaptionskip=\skip48
\belowcaptionskip=\skip49
\c@figure=\count175
\c@table=\count176
\@IEEEeqnnumcols=\count177
\@IEEEeqncolcnt=\count178
\@IEEEsubeqnnumrollback=\count179
\@IEEEquantizeheightA=\dimen152
\@IEEEquantizeheightB=\dimen153
\@IEEEquantizeheightC=\dimen154
\@IEEEquantizeprevdepth=\dimen155
\@IEEEquantizemultiple=\count180
\@IEEEquantizeboxA=\box45
\@IEEEtmpitemindent=\dimen156
\IEEEPARstartletwidth=\dimen157
\c@IEEEbiography=\count181
\@IEEEtranrubishbin=\box46
) (/usr/share/texlive/texmf-dist/tex/latex/amsmath/amsmath.sty
Package: amsmath 2020/01/20 v2.17e AMS math features
\@mathmargin=\skip50

For additional information on amsmath, use the `?' option.
(/usr/share/texlive/texmf-dist/tex/latex/amsmath/amstext.sty
Package: amstext 2000/06/29 v2.01 AMS text

(/usr/share/texlive/texmf-dist/tex/latex/amsmath/amsgen.sty
File: amsgen.sty 1999/11/30 v2.0 generic functions
\@emptytoks=\toks15
\ex@=\dimen158
))
(/usr/share/texlive/texmf-dist/tex/latex/amsmath/amsbsy.sty
Package: amsbsy 1999/11/29 v1.2d Bold Symbols
\pmbraise@=\dimen159
)
(/usr/share/texlive/texmf-dist/tex/latex/amsmath/amsopn.sty
Package: amsopn 2016/03/08 v2.02 operator names
)
\inf@bad=\count182
LaTeX Info: Redefining \frac on input line 227.
\uproot@=\count183
\leftroot@=\count184
LaTeX Info: Redefining \overline on input line 389.
\classnum@=\count185
\DOTSCASE@=\count186
LaTeX Info: Redefining \ldots on input line 486.
LaTeX Info: Redefining \dots on input line 489.
LaTeX Info: Redefining \cdots on input line 610.
\Mathstrutbox@=\box47
\strutbox@=\box48
\big@size=\dimen160
LaTeX Font Info:    Redeclaring font encoding OML on input line 733.
LaTeX Font Info:    Redeclaring font encoding OMS on input line 734.
\macc@depth=\count187
\c@MaxMatrixCols=\count188
\dotsspace@=\muskip16
\c@parentequation=\count189
\dspbrk@lvl=\count190
\tag@help=\toks16
\row@=\count191
\column@=\count192
\maxfields@=\count193
\andhelp@=\toks17
\eqnshift@=\dimen161
\alignsep@=\dimen162
\tagshift@=\dimen163
\tagwidth@=\dimen164
\totwidth@=\dimen165
\lineht@=\dimen166
\@envbody=\toks18
\multlinegap=\skip51
\multlinetaggap=\skip52
\mathdisplay@stack=\toks19
LaTeX Info: Redefining \[ on input line 2859.
LaTeX Info: Redefining \] on input line 2860.
)
(/usr/share/texlive/texmf-dist/tex/latex/amsfonts/amsfonts.sty
Package: amsfonts 2013/01/14 v3.01 Basic AMSFonts support
\symAMSa=\mathgroup4
\symAMSb=\mathgroup5
LaTeX Font Info:    Redeclaring math symbol \hbar on input line 98.
LaTeX Font Info:    Overwriting math alphabet `\mathfrak' in version `bold'
(Font)                  U/euf/m/n --> U/euf/b/n on input line 106.
)
(/usr/share/texlive/texmf-dist/tex/latex/algorithms/algorithmic.sty
Package: algorithmic 2009/08/24 v0.1 Document Style `algorithmic'

(/usr/share/texlive/texmf-dist/tex/latex/base/ifthen.sty
Package: ifthen 2014/09/29 v1.1c Standard LaTeX ifthen package (DPC)
)
(/usr/share/texlive/texmf-dist/tex/latex/graphics/keyval.sty
Package: keyval 2014/10/28 v1.15 key=value parser (DPC)
\KV@toks@=\toks20
)
\c@ALC@unique=\count194
\c@ALC@line=\count195
\c@ALC@rem=\count196
\c@ALC@depth=\count197
\ALC@tlm=\skip53
\algorithmicindent=\skip54
)
(/usr/share/texlive/texmf-dist/tex/latex/algorithms/algorithm.sty
Package: algorithm 2009/08/24 v0.1 Document Style `algorithm' - floating enviro
nment

(/usr/share/texlive/texmf-dist/tex/latex/float/float.sty
Package: float 2001/11/08 v1.3d Float enhancements (AL)
\c@float@type=\count198
\float@exts=\toks21
\float@box=\box49
\@float@everytoks=\toks22
\@floatcapt=\box50
)
\@float@every@algorithm=\toks23
\c@algorithm=\count199
)
(/usr/share/texlive/texmf-dist/tex/latex/tools/array.sty
Package: array 2019/08/31 v2.4l Tabular extension package (FMi)
\col@sep=\dimen167
\ar@mcellbox=\box51
\extrarowheight=\dimen168
\NC@list=\toks24
\extratabsurround=\skip55
\backup@length=\skip56
\ar@cellbox=\box52
)
(/usr/share/texlive/texmf-dist/tex/latex/subfig/subfig.sty
Package: subfig 2005/06/28 ver: 1.3 subfig package

(/usr/share/texlive/texmf-dist/tex/latex/caption/caption3.sty
Package: caption3 2020/01/03 v1.8h caption3 kernel (AR)
Package caption3 Info: TeX engine: e-TeX on input line 61.
\captionmargin=\dimen169
\captionmargin@=\dimen170
\captionwidth=\dimen171
\caption@tempdima=\dimen172
\caption@indent=\dimen173
\caption@parindent=\dimen174
\caption@hangindent=\dimen175
Package caption Info: Unknown document class (or package),
(caption)             standard defaults will be used.
Package caption Info: \@makecaption = \long macro:#1#2->\ifx \@captype \@IEEEta
blestring \footnotesize \bgroup \par \centering \@IEEEtabletopskipstrut {\norma
lfont \footnotesize #1}\\{\normalfont \footnotesize \scshape #2}\par \addvspace
 {0.5\baselineskip }\egroup \@IEEEtablecaptionsepspace \else \@IEEEfigurecaptio
nsepspace \setbox \@tempboxa \hbox {\normalfont \footnotesize {#1.}\nobreakspac
e \nobreakspace #2}\ifdim \wd \@tempboxa >\hsize \setbox \@tempboxa \hbox {\nor
malfont \footnotesize {#1.}\nobreakspace \nobreakspace }\parbox [t]{\hsize }{\n
ormalfont \footnotesize \noindent \unhbox \@tempboxa #2}\else \ifCLASSOPTIONcon
ference \hbox to\hsize {\normalfont \footnotesize \hfil \box \@tempboxa \hfil }
\else \hbox to\hsize {\normalfont \footnotesize \box \@tempboxa \hfil }\fi \fi 
\fi  on input line 1082.
)
\c@KVtest=\count266
\sf@farskip=\skip57
\sf@captopadj=\dimen176
\sf@capskip=\skip58
\sf@nearskip=\skip59
\c@subfigure=\count267
\c@subfigure@save=\count268
\c@lofdepth=\count269
\c@subtable=\count270
\c@subtable@save=\count271
\c@lotdepth=\count272
\sf@top=\skip60
\sf@bottom=\skip61
)
(/usr/share/texlive/texmf-dist/tex/latex/base/textcomp.sty
Package: textcomp 2020/02/02 v2.0n Standard LaTeX package
)
(/usr/share/texlive/texmf-dist/tex/latex/sttools/stfloats.sty
Package: stfloats 2017/03/27 v3.3 Improve float mechanism and baselineskip sett
ings
\@dblbotnum=\count273
\c@dblbotnumber=\count274
)
(/usr/share/texlive/texmf-dist/tex/latex/url/url.sty
\Urlmuskip=\muskip17
Package: url 2013/09/16  ver 3.4  Verb mode for urls, etc.
)
(/usr/share/texlive/texmf-dist/tex/latex/tools/verbatim.sty
Package: verbatim 2019/11/10 v1.5r LaTeX2e package for verbatim enhancements
\every@verbatim=\toks25
\verbatim@line=\toks26
\verbatim@in@stream=\read2
)
(/usr/share/texlive/texmf-dist/tex/latex/graphics/graphicx.sty
Package: graphicx 2019/11/30 v1.2a Enhanced LaTeX Graphics (DPC,SPQR)

(/usr/share/texlive/texmf-dist/tex/latex/graphics/graphics.sty
Package: graphics 2019/11/30 v1.4a Standard LaTeX Graphics (DPC,SPQR)

(/usr/share/texlive/texmf-dist/tex/latex/graphics/trig.sty
Package: trig 2016/01/03 v1.10 sin cos tan (DPC)
)
(/usr/share/texlive/texmf-dist/tex/latex/graphics-cfg/graphics.cfg
File: graphics.cfg 2016/06/04 v1.11 sample graphics configuration
)
Package graphics Info: Driver file: pdftex.def on input line 105.

(/usr/share/texlive/texmf-dist/tex/latex/graphics-def/pdftex.def
File: pdftex.def 2018/01/08 v1.0l Graphics/color driver for pdftex
))
\Gin@req@height=\dimen177
\Gin@req@width=\dimen178
)
(/usr/share/texlive/texmf-dist/tex/latex/cite/cite.sty
LaTeX Info: Redefining \cite on input line 302.
LaTeX Info: Redefining \nocite on input line 332.
Package: cite 2015/02/27  v 5.5
)
(/usr/share/texlive/texmf-dist/tex/latex/hyperref/hyperref.sty
Package: hyperref 2020/01/14 v7.00d Hypertext links for LaTeX

(/usr/share/texlive/texmf-dist/tex/generic/ltxcmds/ltxcmds.sty
Package: ltxcmds 2019/12/15 v1.24 LaTeX kernel commands for general use (HO)
)
(/usr/share/texlive/texmf-dist/tex/generic/iftex/iftex.sty
Package: iftex 2019/11/07 v1.0c TeX engine tests
)
(/usr/share/texlive/texmf-dist/tex/latex/pdftexcmds/pdftexcmds.sty
Package: pdftexcmds 2019/11/24 v0.31 Utility functions of pdfTeX for LuaTeX (HO
)

(/usr/share/texlive/texmf-dist/tex/generic/infwarerr/infwarerr.sty
Package: infwarerr 2019/12/03 v1.5 Providing info/warning/error messages (HO)
)
Package pdftexcmds Info: \pdf@primitive is available.
Package pdftexcmds Info: \pdf@ifprimitive is available.
Package pdftexcmds Info: \pdfdraftmode found.
)
(/usr/share/texlive/texmf-dist/tex/generic/kvsetkeys/kvsetkeys.sty
Package: kvsetkeys 2019/12/15 v1.18 Key value parser (HO)
)
(/usr/share/texlive/texmf-dist/tex/generic/kvdefinekeys/kvdefinekeys.sty
Package: kvdefinekeys 2019-12-19 v1.6 Define keys (HO)
)
(/usr/share/texlive/texmf-dist/tex/generic/pdfescape/pdfescape.sty
Package: pdfescape 2019/12/09 v1.15 Implements pdfTeX's escape features (HO)
)
(/usr/share/texlive/texmf-dist/tex/latex/hycolor/hycolor.sty
Package: hycolor 2020-01-27 v1.10 Color options for hyperref/bookmark (HO)
)
(/usr/share/texlive/texmf-dist/tex/latex/letltxmacro/letltxmacro.sty
Package: letltxmacro 2019/12/03 v1.6 Let assignment for LaTeX macros (HO)
)
(/usr/share/texlive/texmf-dist/tex/latex/auxhook/auxhook.sty
Package: auxhook 2019-12-17 v1.6 Hooks for auxiliary files (HO)
)
(/usr/share/texlive/texmf-dist/tex/latex/kvoptions/kvoptions.sty
Package: kvoptions 2019/11/29 v3.13 Key value format for package options (HO)
)
\@linkdim=\dimen179
\Hy@linkcounter=\count275
\Hy@pagecounter=\count276

(/usr/share/texlive/texmf-dist/tex/latex/hyperref/pd1enc.def
File: pd1enc.def 2020/01/14 v7.00d Hyperref: PDFDocEncoding definition (HO)
Now handling font encoding PD1 ...
... no UTF-8 mapping file for font encoding PD1
)
(/usr/share/texlive/texmf-dist/tex/generic/intcalc/intcalc.sty
Package: intcalc 2019/12/15 v1.3 Expandable calculations with integers (HO)
)
(/usr/share/texlive/texmf-dist/tex/generic/etexcmds/etexcmds.sty
Package: etexcmds 2019/12/15 v1.7 Avoid name clashes with e-TeX commands (HO)
)
\Hy@SavedSpaceFactor=\count277
\pdfmajorversion=\count278
Package hyperref Info: Hyper figures OFF on input line 4547.
Package hyperref Info: Link nesting OFF on input line 4552.
Package hyperref Info: Hyper index ON on input line 4555.
Package hyperref Info: Plain pages OFF on input line 4562.
Package hyperref Info: Backreferencing OFF on input line 4567.
Package hyperref Info: Implicit mode ON; LaTeX internals redefined.
Package hyperref Info: Bookmarks ON on input line 4800.
\c@Hy@tempcnt=\count279
LaTeX Info: Redefining \url on input line 5159.
\XeTeXLinkMargin=\dimen180

(/usr/share/texlive/texmf-dist/tex/generic/bitset/bitset.sty
Package: bitset 2019/12/09 v1.3 Handle bit-vector datatype (HO)

(/usr/share/texlive/texmf-dist/tex/generic/bigintcalc/bigintcalc.sty
Package: bigintcalc 2019/12/15 v1.5 Expandable calculations on big integers (HO
)
))
\Fld@menulength=\count280
\Field@Width=\dimen181
\Fld@charsize=\dimen182
Package hyperref Info: Hyper figures OFF on input line 6430.
Package hyperref Info: Link nesting OFF on input line 6435.
Package hyperref Info: Hyper index ON on input line 6438.
Package hyperref Info: backreferencing OFF on input line 6445.
Package hyperref Info: Link coloring OFF on input line 6450.
Package hyperref Info: Link coloring with OCG OFF on input line 6455.
Package hyperref Info: PDF/A mode OFF on input line 6460.
LaTeX Info: Redefining \ref on input line 6500.
LaTeX Info: Redefining \pageref on input line 6504.

(/usr/share/texlive/texmf-dist/tex/generic/atbegshi/atbegshi.sty
Package: atbegshi 2019/12/05 v1.19 At begin shipout hook (HO)
)
\Hy@abspage=\count281
\c@Item=\count282
\c@Hfootnote=\count283
)
Package hyperref Info: Driver (autodetected): hpdftex.

(/usr/share/texlive/texmf-dist/tex/latex/hyperref/hpdftex.def
File: hpdftex.def 2020/01/14 v7.00d Hyperref driver for pdfTeX

(/usr/share/texlive/texmf-dist/tex/latex/atveryend/atveryend.sty
Package: atveryend 2019-12-11 v1.11 Hooks at the very end of document (HO)
Package atveryend Info: \enddocument detected (standard20110627).
)
\Fld@listcount=\count284
\c@bookmark@seq@number=\count285

(/usr/share/texlive/texmf-dist/tex/latex/rerunfilecheck/rerunfilecheck.sty
Package: rerunfilecheck 2019/12/05 v1.9 Rerun checks for auxiliary files (HO)

(/usr/share/texlive/texmf-dist/tex/generic/uniquecounter/uniquecounter.sty
Package: uniquecounter 2019/12/15 v1.4 Provide unlimited unique counter (HO)
)
Package uniquecounter Info: New unique counter `rerunfilecheck' on input line 2
86.
)
\Hy@SectionHShift=\skip62
)
(/usr/share/texlive/texmf-dist/tex/latex/booktabs/booktabs.sty
Package: booktabs 2020/01/12 v1.61803398 Publication quality tables
\heavyrulewidth=\dimen183
\lightrulewidth=\dimen184
\cmidrulewidth=\dimen185
\belowrulesep=\dimen186
\belowbottomsep=\dimen187
\aboverulesep=\dimen188
\abovetopsep=\dimen189
\cmidrulesep=\dimen190
\cmidrulekern=\dimen191
\defaultaddspace=\dimen192
\@cmidla=\count286
\@cmidlb=\count287
\@aboverulesep=\dimen193
\@belowrulesep=\dimen194
\@thisruleclass=\count288
\@lastruleclass=\count289
\@thisrulewidth=\dimen195
)
(/usr/share/texlive/texmf-dist/tex/latex/tools/tabularx.sty
Package: tabularx 2020/01/15 v2.11c `tabularx' package (DPC)
\TX@col@width=\dimen196
\TX@old@table=\dimen197
\TX@old@col=\dimen198
\TX@target=\dimen199
\TX@delta=\dimen256
\TX@cols=\count290
\TX@ftn=\toks27
)
(/usr/share/texlive/texmf-dist/tex/latex/psnfss/pifont.sty
Package: pifont 2005/04/12 PSNFSS-v9.2a Pi font support (SPQR) 
LaTeX Font Info:    Trying to load font information for U+pzd on input line 63.


(/usr/share/texlive/texmf-dist/tex/latex/psnfss/upzd.fd
File: upzd.fd 2001/06/04 font definitions for U/pzd.
)
LaTeX Font Info:    Trying to load font information for U+psy on input line 64.


(/usr/share/texlive/texmf-dist/tex/latex/psnfss/upsy.fd
File: upsy.fd 2001/06/04 font definitions for U/psy.
))
(/usr/share/texlive/texmf-dist/tex/latex/l3backend/l3backend-pdfmode.def
File: l3backend-pdfmode.def 2020-02-03 L3 backend support: PDF mode
\l__kernel_color_stack_int=\count291
\l__pdf_internal_box=\box53
)
(./paper_TT.aux)
\openout1 = `paper_TT.aux'.

LaTeX Font Info:    Checking defaults for OML/cmm/m/it on input line 24.
LaTeX Font Info:    ... okay on input line 24.
LaTeX Font Info:    Checking defaults for OMS/cmsy/m/n on input line 24.
LaTeX Font Info:    ... okay on input line 24.
LaTeX Font Info:    Checking defaults for OT1/cmr/m/n on input line 24.
LaTeX Font Info:    ... okay on input line 24.
LaTeX Font Info:    Checking defaults for T1/cmr/m/n on input line 24.
LaTeX Font Info:    ... okay on input line 24.
LaTeX Font Info:    Checking defaults for TS1/cmr/m/n on input line 24.
LaTeX Font Info:    ... okay on input line 24.
LaTeX Font Info:    Checking defaults for OMX/cmex/m/n on input line 24.
LaTeX Font Info:    ... okay on input line 24.
LaTeX Font Info:    Checking defaults for U/cmr/m/n on input line 24.
LaTeX Font Info:    ... okay on input line 24.
LaTeX Font Info:    Checking defaults for PD1/pdf/m/n on input line 24.
LaTeX Font Info:    ... okay on input line 24.

-- Lines per column: 58 (exact).
Package caption Info: Begin \AtBeginDocument code.
Package caption Info: subfig package v1.3 is loaded.
Package caption Info: End \AtBeginDocument code.
(/usr/share/texlive/texmf-dist/tex/context/base/mkii/supp-pdf.mkii
[Loading MPS to PDF converter (version 2006.09.02).]
\scratchcounter=\count292
\scratchdimen=\dimen257
\scratchbox=\box54
\nofMPsegments=\count293
\nofMParguments=\count294
\everyMPshowfont=\toks28
\MPscratchCnt=\count295
\MPscratchDim=\dimen258
\MPnumerator=\count296
\makeMPintoPDFobject=\count297
\everyMPtoPDFconversion=\toks29
) (/usr/share/texlive/texmf-dist/tex/latex/epstopdf-pkg/epstopdf-base.sty
Package: epstopdf-base 2020-01-24 v2.11 Base part for package epstopdf
Package epstopdf-base Info: Redefining graphics rule for `.eps' on input line 4
85.

(/usr/share/texlive/texmf-dist/tex/latex/latexconfig/epstopdf-sys.cfg
File: epstopdf-sys.cfg 2010/07/13 v1.3 Configuration of (r)epstopdf for TeX Liv
e
))
\AtBeginShipoutBox=\box55
Package hyperref Info: Link coloring OFF on input line 24.

(/usr/share/texlive/texmf-dist/tex/latex/hyperref/nameref.sty
Package: nameref 2019/09/16 v2.46 Cross-referencing by name of section

(/usr/share/texlive/texmf-dist/tex/latex/refcount/refcount.sty
Package: refcount 2019/12/15 v3.6 Data extraction from label references (HO)
)
(/usr/share/texlive/texmf-dist/tex/generic/gettitlestring/gettitlestring.sty
Package: gettitlestring 2019/12/15 v1.6 Cleanup title references (HO)
)
\c@section@level=\count298
)
LaTeX Info: Redefining \ref on input line 24.
LaTeX Info: Redefining \pageref on input line 24.
LaTeX Info: Redefining \nameref on input line 24.

(./paper_TT.out) (./paper_TT.out)
\@outlinefile=\write3
\openout3 = `paper_TT.out'.

 (./paper_TT_authors.tex)
LaTeX Font Info:    Calculating math sizes for size <11> on input line 41.
LaTeX Font Info:    Trying to load font information for U+msa on input line 41.


(/usr/share/texlive/texmf-dist/tex/latex/amsfonts/umsa.fd
File: umsa.fd 2013/01/14 v3.01 AMS symbols A
)
LaTeX Font Info:    Trying to load font information for U+msb on input line 41.


(/usr/share/texlive/texmf-dist/tex/latex/amsfonts/umsb.fd
File: umsb.fd 2013/01/14 v3.01 AMS symbols B
)
LaTeX Font Info:    Trying to load font information for OMS+ptm on input line 4
1.

(/usr/share/texlive/texmf-dist/tex/latex/psnfss/omsptm.fd
File: omsptm.fd 
)
LaTeX Font Info:    Font shape `OMS/ptm/m/n' in size <11> not available
(Font)              Font shape `OMS/cmsy/m/n' tried instead on input line 41.

(./paper_TT_introduction.tex
Underfull \hbox (badness 7796) in paragraph at lines 33--33
[]|\OT1/ptm/b/n/8 Estimated de-liv-ery
 []

LaTeX Font Info:    Trying to load font information for TS1+ptm on input line 3
6.
(/usr/share/texlive/texmf-dist/tex/latex/psnfss/ts1ptm.fd
File: ts1ptm.fd 2001/06/04 font definitions for TS1/ptm.
)
<./Figs/gh action cell stats.png, id=59, 1900.09875pt x 1263.72125pt>
File: ./Figs/gh action cell stats.png Graphic file (type png)
<use ./Figs/gh action cell stats.png>
Package pdftex.def Info: ./Figs/gh action cell stats.png  used on input line 61
.
(pdftex.def)             Requested size: 252.0pt x 167.58688pt.
<./Figs/gh action gds layout.png, id=61, 1690.315pt x 1120.185pt>
File: ./Figs/gh action gds layout.png Graphic file (type png)
<use ./Figs/gh action gds layout.png>
Package pdftex.def Info: ./Figs/gh action gds layout.png  used on input line 68
.
(pdftex.def)             Requested size: 252.0pt x 166.99493pt.
<./Figs/gh action gds 3d view.png, id=62, 2502.34875pt x 1261.71375pt>
File: ./Figs/gh action gds 3d view.png Graphic file (type png)
<use ./Figs/gh action gds 3d view.png>
Package pdftex.def Info: ./Figs/gh action gds 3d view.png  used on input line 7
5.
(pdftex.def)             Requested size: 252.0pt x 127.0451pt.
<./Figs/gh action d type flop 3d closeup.png, id=63, 1821.80624pt x 925.4575pt>

File: ./Figs/gh action d type flop 3d closeup.png Graphic file (type png)
<use ./Figs/gh action d type flop 3d closeup.png>
Package pdftex.def Info: ./Figs/gh action d type flop 3d closeup.png  used on i
nput line 82.
(pdftex.def)             Requested size: 252.0pt x 128.00981pt.
<./Figs/about our community pie chart.png, id=64, 451.6875pt x 279.2031pt>
File: ./Figs/about our community pie chart.png Graphic file (type png)
<use ./Figs/about our community pie chart.png>
Package pdftex.def Info: ./Figs/about our community pie chart.png  used on inpu
t line 92.
(pdftex.def)             Requested size: 252.0pt x 155.77325pt.
)
(./paper_TT_scanchain_arch.tex
<./Figs/tt01_whole_die.png, id=66, 1204.5pt x 1204.5pt>
File: ./Figs/tt01_whole_die.png Graphic file (type png)
<use ./Figs/tt01_whole_die.png>
Package pdftex.def Info: ./Figs/tt01_whole_die.png  used on input line 73.
(pdftex.def)             Requested size: 252.0pt x 251.99675pt.
<./Figs/scanchain_block_diagram.png, id=67, 1134.2375pt x 929.4725pt>
File: ./Figs/scanchain_block_diagram.png Graphic file (type png)
<use ./Figs/scanchain_block_diagram.png>
Package pdftex.def Info: ./Figs/scanchain_block_diagram.png  used on input line
 80.
(pdftex.def)             Requested size: 252.0pt x 206.4985pt.
 [1{/var/lib/texmf/fonts/map/pdftex/updmap/pdftex.map}


 <./Figs/gh action cell stats.png>] [2 <./Figs/gh action gds layout.png> <./Fig
s/gh action gds 3d view.png> <./Figs/gh action d type flop 3d closeup.png> <./F
igs/about our community pie chart.png> <./Figs/tt01_whole_die.png (PNG copy)>]
<./Figs/tt02_gds_zoom.png, id=118, 1784.75478pt x 1613.82053pt>
File: ./Figs/tt02_gds_zoom.png Graphic file (type png)
<use ./Figs/tt02_gds_zoom.png>
Package pdftex.def Info: ./Figs/tt02_gds_zoom.png  used on input line 101.
(pdftex.def)             Requested size: 252.0pt x 227.85406pt.
<./Figs/tt02 vs tt03 scanchain clock.png, id=119, 302.8113pt x 246.4407pt>
File: ./Figs/tt02 vs tt03 scanchain clock.png Graphic file (type png)
<use ./Figs/tt02 vs tt03 scanchain clock.png>
Package pdftex.def Info: ./Figs/tt02 vs tt03 scanchain clock.png  used on input
 line 116.
(pdftex.def)             Requested size: 252.0pt x 205.09474pt.
) (./paper_TT_circuit_boards.tex [3 <./Figs/scanchain_block_diagram.png> <./Fig
s/tt02_gds_zoom.png> <./Figs/tt02 vs tt03 scanchain clock.png>]
<./Figs/tt02 pcb assembled.JPG, id=139, 1238.91429pt x 825.94286pt>
File: ./Figs/tt02 pcb assembled.JPG Graphic file (type jpg)
<use ./Figs/tt02 pcb assembled.JPG>
Package pdftex.def Info: ./Figs/tt02 pcb assembled.JPG  used on input line 22.
(pdftex.def)             Requested size: 258.0pt x 171.99118pt.

Overfull \hbox (6.0pt too wide) in paragraph at lines 22--23
 [][] 
 []

) (./paper_TT_scanchain_results.tex
<./Figs/tt02_clock_out.png, id=143, 481.8pt x 234.8775pt>
File: ./Figs/tt02_clock_out.png Graphic file (type png)
<use ./Figs/tt02_clock_out.png>
Package pdftex.def Info: ./Figs/tt02_clock_out.png  used on input line 10.
(pdftex.def)             Requested size: 252.0pt x 122.8502pt.
<./Figs/tt02 board running design.JPG, id=144, 1238.91429pt x 825.94286pt>
File: ./Figs/tt02 board running design.JPG Graphic file (type jpg)
<use ./Figs/tt02 board running design.JPG>
Package pdftex.def Info: ./Figs/tt02 board running design.JPG  used on input li
ne 19.
(pdftex.def)             Requested size: 252.0pt x 167.99608pt.
<./Figs/wokwi mux clock logic.png, id=145, 1381.16pt x 655.44875pt>
File: ./Figs/wokwi mux clock logic.png Graphic file (type png)
<use ./Figs/wokwi mux clock logic.png>
Package pdftex.def Info: ./Figs/wokwi mux clock logic.png  used on input line 3
6.
(pdftex.def)             Requested size: 252.0pt x 119.58589pt.
<./Figs/tt03_clock_out.png, id=146, 481.8pt x 234.8775pt>
File: ./Figs/tt03_clock_out.png Graphic file (type png)
<use ./Figs/tt03_clock_out.png>
Package pdftex.def Info: ./Figs/tt03_clock_out.png  used on input line 47.
(pdftex.def)             Requested size: 252.0pt x 122.8502pt.
) (./paper_TT_beyond_scanchain.tex [4 <./Figs/tt02 pcb assembled.JPG> <./Figs/t
t02_clock_out.png (PNG copy)> <./Figs/tt02 board running design.JPG> <./Figs/wo
kwi mux clock logic.png> <./Figs/tt03_clock_out.png (PNG copy)>]
<./Figs/mux architecture.png, id=159, 695.9601pt x 300.6432pt>
File: ./Figs/mux architecture.png Graphic file (type png)
<use ./Figs/mux architecture.png>
Package pdftex.def Info: ./Figs/mux architecture.png  used on input line 10.
(pdftex.def)             Requested size: 252.0pt x 108.85994pt.
<./Figs/tt3p5 layout.png, id=160, 408.8073pt x 384.7173pt>
File: ./Figs/tt3p5 layout.png Graphic file (type png)
<use ./Figs/tt3p5 layout.png>
Package pdftex.def Info: ./Figs/tt3p5 layout.png  used on input line 22.
(pdftex.def)             Requested size: 252.0pt x 237.15448pt.
) (./paper_TT_multiplexer_silicon_results.tex
<./Figs/tt3p5 rising latency.PNG, id=162, 481.8pt x 234.8775pt>
File: ./Figs/tt3p5 rising latency.PNG Graphic file (type png)
<use ./Figs/tt3p5 rising latency.PNG>
Package pdftex.def Info: ./Figs/tt3p5 rising latency.PNG  used on input line 7.

(pdftex.def)             Requested size: 252.0pt x 122.8502pt.
<./Figs/tt3p5 falling latency.PNG, id=163, 481.8pt x 234.8775pt>
File: ./Figs/tt3p5 falling latency.PNG Graphic file (type png)
<use ./Figs/tt3p5 falling latency.PNG>
Package pdftex.def Info: ./Figs/tt3p5 falling latency.PNG  used on input line 1
4.
(pdftex.def)             Requested size: 252.0pt x 122.8502pt.
<./Figs/tt3p5 enable design.png, id=165, 1498.59875pt x 348.30125pt>
File: ./Figs/tt3p5 enable design.png Graphic file (type png)
<use ./Figs/tt3p5 enable design.png>
Package pdftex.def Info: ./Figs/tt3p5 enable design.png  used on input line 29.

(pdftex.def)             Requested size: 252.0pt x 58.56735pt.
<./Figs/tt04-demoboard-top.jpg, id=168, 4015.0pt x 2675.9975pt>
File: ./Figs/tt04-demoboard-top.jpg Graphic file (type jpg)
<use ./Figs/tt04-demoboard-top.jpg>
Package pdftex.def Info: ./Figs/tt04-demoboard-top.jpg  used on input line 36.
(pdftex.def)             Requested size: 252.0pt x 167.94357pt.
<./Figs/tiny_vga_pmod.jpg, id=172, 314.1336pt x 218.0145pt>
File: ./Figs/tiny_vga_pmod.jpg Graphic file (type jpg)
<use ./Figs/tiny_vga_pmod.jpg>
Package pdftex.def Info: ./Figs/tiny_vga_pmod.jpg  used on input line 46.
(pdftex.def)             Requested size: 252.0pt x 174.89418pt.
 [5 <./Figs/mux architecture.png> <./Figs/tt3p5 layout.png> <./Figs/tt3p5 risin
g latency.PNG (PNG copy)> <./Figs/tt3p5 falling latency.PNG (PNG copy)>]
<./Figs/tt3p5 vga clock.jpg, id=191, 4641.34pt x 3485.02pt>
File: ./Figs/tt3p5 vga clock.jpg Graphic file (type jpg)
<use ./Figs/tt3p5 vga clock.jpg>
Package pdftex.def Info: ./Figs/tt3p5 vga clock.jpg  used on input line 53.
(pdftex.def)             Requested size: 252.0pt x 189.20396pt.
)
(./paper_TT_improving_multiplexer.tex
<./Figs/tt05_transmission_gate.png, id=194, 1818.795pt x 1288.815pt>
File: ./Figs/tt05_transmission_gate.png Graphic file (type png)
<use ./Figs/tt05_transmission_gate.png>
Package pdftex.def Info: ./Figs/tt05_transmission_gate.png  used on input line 
18.
(pdftex.def)             Requested size: 252.0pt x 178.56462pt.
) (./paper_TT_silicon_showcase.tex
<./Figs/synthesized_temperature_sensor.png, id=201, 1154.3125pt x 724.7075pt>
File: ./Figs/synthesized_temperature_sensor.png Graphic file (type png)
<use ./Figs/synthesized_temperature_sensor.png>
Package pdftex.def Info: ./Figs/synthesized_temperature_sensor.png  used on inp
ut line 17.
(pdftex.def)             Requested size: 252.0pt x 158.20868pt.
)
(./paper_TT_conclusions.tex) (./paper_TT_acknowledgments.tex [6 <./Figs/tt3p5 e
nable design.png> <./Figs/tt04-demoboard-top.jpg> <./Figs/tiny_vga_pmod.jpg> <.
/Figs/tt3p5 vga clock.jpg> <./Figs/tt05_transmission_gate.png>])
(./paper_TT.bbl
Underfull \hbox (badness 8000) in paragraph at lines 32--35
[]\OT1/ptm/m/n/8 ``GDS2 File For-mat - Zero to ASIC Course,'' []$https : / / ww
w .
 []


Underfull \hbox (badness 10000) in paragraph at lines 37--40
[]\OT1/ptm/m/n/8 ``Datasheet PDF - Tiny-Tape-out Repos-i-tory,'' []$https : / /
 github . com /
 []


Underfull \hbox (badness 10000) in paragraph at lines 37--40
\OT1/ptm/m/n/8 TinyTapeout / tinytapeout-[]02 / raw / tt02 / datasheet . pdf$[]
, ac-cessed: [In-sert
 []


Underfull \hbox (badness 3547) in paragraph at lines 54--58
[]\OT1/ptm/m/n/8 ``Announcing the Glob-al-Foundries Open MPW Shut-tle Pro-gram
 []


Underfull \hbox (badness 3019) in paragraph at lines 54--58
\OT1/ptm/m/n/8 - Google Open Source Blog,'' []$https : / / opensource . googleb
log . com /
 []


Underfull \hbox (badness 10000) in paragraph at lines 54--58
\OT1/ptm/m/n/8 2022 / 10 / announcing-[]globalfoundries-[]open-[]mpw-[]shuttle-
[]program . html$[],
 []


Underfull \hbox (badness 3701) in paragraph at lines 64--67
[]\OT1/ptm/m/n/8 ``Verilog Tem-plate - Tiny-Tape-out Repos-i-tory,'' []$https :
 / / github . com /
 []


Underfull \hbox (badness 10000) in paragraph at lines 86--89
\OT1/ptm/m/n/8 en / main / contents / libraries / sky130[]fd[]sc[]hdll / cells 
/ sdfxtp / README .
 []


Underfull \hbox (badness 10000) in paragraph at lines 91--94
[]$\OT1/ptm/m/n/8 https : / / github . com / TinyTapeout / tinytapeout-[]02 / b
lob / tt02 / INFO . md #
 []


Underfull \hbox (badness 10000) in paragraph at lines 91--94
\OT1/ptm/m/n/8 updating-[]inputs-[]and-[]outputs-[]of-[]a-[]speci^^Led-[]design
$[], ac-cessed: [In-sert
 []


Underfull \hbox (badness 5622) in paragraph at lines 96--99
[]\OT1/ptm/m/n/8 ``TinyTapeout Scan - GitHub Repos-i-tory,'' []$https : / / git
hub . com / jix /
 []


Underfull \hbox (badness 6961) in paragraph at lines 101--104
[]\OT1/ptm/m/n/8 ``Verification Doc-u-men-ta-tion - Tiny-Tape-out Repos-i-tory,
'' []$https : / /
 []


Underfull \hbox (badness 10000) in paragraph at lines 101--104
\OT1/ptm/m/n/8 github . com / TinyTapeout / tinytapeout-[]02 / blob / tt02 / VE
RIFICATION . md$[],
 []


Underfull \hbox (badness 4886) in paragraph at lines 106--108
[]\OT1/ptm/m/n/8 ``SymbiYosys (SBY) - YosysHQ Repos-i-tory,'' []$https : / / gi
thub . com /
 []


Underfull \hbox (badness 10000) in paragraph at lines 110--113
\OT1/ptm/m/n/8 / / github . com / TinyTapeout / tinytapeout-[]02 / blob / tt02 
/ VERIFICATION .
 []


Underfull \hbox (badness 10000) in paragraph at lines 115--118
[]\OT1/ptm/m/n/8 ``Open Source Hard-ware Cer-ti-fi-ca-tion - Tiny-Tape-out,''
 []


Underfull \hbox (badness 10000) in paragraph at lines 125--128
[]\OT1/ptm/m/n/8 ``TinyTapeout 03p5 - GitHub Repos-i-tory,'' []$https : / / git
hub . com /
 []


Underfull \hbox (badness 10000) in paragraph at lines 154--157
[]\OT1/ptm/m/n/8 ``Caravel Open-frame Project,'' []$https : / / github . com / 
efabless / caravel[]
 []


Underfull \hbox (badness 1735) in paragraph at lines 159--161
[]\OT1/ptm/m/n/8 ``TT05 Ana-log Test,'' []$https : / / github . com / iic-[]jku
 / tt05-[]analog-[]test$[], ac-
 []

)
Package atveryend Info: Empty hook `BeforeClearDocument' on input line 71.
 [7 <./Figs/synthesized_temperature_sensor.png>]
Package atveryend Info: Empty hook `AfterLastShipout' on input line 71.
 (./paper_TT.aux)
Package atveryend Info: Executing hook `AtVeryEndDocument' on input line 71.
Package atveryend Info: Executing hook `AtEndAfterFileList' on input line 71.
Package rerunfilecheck Info: File `paper_TT.out' has not changed.
(rerunfilecheck)             Checksum: 16ECDF9184D4A74C5603C6BD4427E327;559.
Package atveryend Info: Empty hook `AtVeryVeryEnd' on input line 71.
 ) 
Here is how much of TeX's memory you used:
 8473 strings out of 481239
 136472 string characters out of 5920377
 409225 words of memory out of 5000000
 23417 multiletter control sequences out of 15000+600000
 577713 words of font info for 117 fonts, out of 8000000 for 9000
 1145 hyphenation exceptions out of 8191
 41i,9n,42p,714b,389s stack positions out of 5000i,500n,10000p,200000b,80000s
{/usr/share/texlive/texmf-dist/fonts/enc/dvips/base/8r.enc}</usr/share/texliv
e/texmf-dist/fonts/type1/public/amsfonts/cm/cmmi10.pfb></usr/share/texlive/texm
f-dist/fonts/type1/public/amsfonts/cm/cmmi8.pfb></usr/share/texlive/texmf-dist/
fonts/type1/public/amsfonts/cm/cmr10.pfb></usr/share/texlive/texmf-dist/fonts/t
ype1/public/amsfonts/cm/cmr7.pfb></usr/share/texlive/texmf-dist/fonts/type1/pub
lic/amsfonts/cm/cmr8.pfb></usr/share/texlive/texmf-dist/fonts/type1/public/amsf
onts/cm/cmsy10.pfb></usr/share/texlive/texmf-dist/fonts/type1/public/amsfonts/c
m/cmsy7.pfb></usr/share/texlive/texmf-dist/fonts/type1/public/amsfonts/cm/cmsy8
.pfb></usr/share/texlive/texmf-dist/fonts/type1/public/amsfonts/symbols/msam10.
pfb></usr/share/texlive/texmf-dist/fonts/type1/urw/times/utmb8a.pfb></usr/share
/texlive/texmf-dist/fonts/type1/urw/times/utmbi8a.pfb></usr/share/texlive/texmf
-dist/fonts/type1/urw/times/utmr8a.pfb></usr/share/texlive/texmf-dist/fonts/typ
e1/urw/zapfding/uzdr.pfb>
Output written on paper_TT.pdf (7 pages, 23373550 bytes).
PDF statistics:
 341 PDF objects out of 1000 (max. 8388607)
 276 compressed objects within 3 object streams
 79 named destinations out of 1000 (max. 500000)
 201 words of extra memory for PDF output out of 10000 (max. 10000000)

